<?xml version="1.0" encoding="UTF-8"?>
<!-- Generated by org.testng.reporters.JUnitXMLReporter -->
<testsuite hostname="DESKTOP-NAVEEN" ignored="0" name="Default test" tests="3" failures="0" timestamp="28 Aug 2022 06:38:58 GMT" time="0.064" errors="0">
  <testcase name="tc1" time="0.011" classname="TestNGDailyPractice.Demo"/>
  <testcase name="tc2" time="0.003" classname="TestNGDailyPractice.Demo"/>
  <testcase name="tc3" time="0.001" classname="TestNGDailyPractice.Demo"/>
</testsuite> <!-- Default test -->
