<?xml version="1.0" encoding="UTF-8"?>
<!-- Generated by org.testng.reporters.JUnitXMLReporter -->
<testsuite hostname="DESKTOP-NAVEEN" name="Default test" tests="180" failures="0" timestamp="9 Sep 2022 04:48:24 GMT" time="0.43" errors="0">
  <testcase name="tc4" time="0.007" classname="org.com.SampleInvocationCount"/>
  <testcase name="tc3" time="0.005" classname="org.com.SampleInvocationCount"/>
  <testcase name="tc3" time="0.0" classname="org.com.SampleInvocationCount"/>
  <testcase name="tc3" time="0.003" classname="org.com.SampleInvocationCount"/>
  <testcase name="tc3" time="0.004" classname="org.com.SampleInvocationCount"/>
  <testcase name="tc3" time="0.004" classname="org.com.SampleInvocationCount"/>
  <testcase name="tc3" time="0.0" classname="org.com.SampleInvocationCount"/>
  <testcase name="tc3" time="0.004" classname="org.com.SampleInvocationCount"/>
  <testcase name="tc3" time="0.003" classname="org.com.SampleInvocationCount"/>
  <testcase name="tc3" time="0.0" classname="org.com.SampleInvocationCount"/>
  <testcase name="tc3" time="0.002" classname="org.com.SampleInvocationCount"/>
  <testcase name="tc3" time="0.001" classname="org.com.SampleInvocationCount"/>
  <testcase name="tc3" time="0.001" classname="org.com.SampleInvocationCount"/>
  <testcase name="tc3" time="0.004" classname="org.com.SampleInvocationCount"/>
  <testcase name="tc3" time="0.004" classname="org.com.SampleInvocationCount"/>
  <testcase name="tc3" time="0.002" classname="org.com.SampleInvocationCount"/>
  <testcase name="tc3" time="0.005" classname="org.com.SampleInvocationCount"/>
  <testcase name="tc3" time="0.0" classname="org.com.SampleInvocationCount"/>
  <testcase name="tc3" time="0.001" classname="org.com.SampleInvocationCount"/>
  <testcase name="tc3" time="0.001" classname="org.com.SampleInvocationCount"/>
  <testcase name="tc3" time="0.0" classname="org.com.SampleInvocationCount"/>
  <testcase name="tc3" time="0.001" classname="org.com.SampleInvocationCount"/>
  <testcase name="tc3" time="0.001" classname="org.com.SampleInvocationCount"/>
  <testcase name="tc3" time="0.0" classname="org.com.SampleInvocationCount"/>
  <testcase name="tc3" time="0.0" classname="org.com.SampleInvocationCount"/>
  <testcase name="tc3" time="0.001" classname="org.com.SampleInvocationCount"/>
  <testcase name="tc3" time="0.001" classname="org.com.SampleInvocationCount"/>
  <testcase name="tc3" time="0.0" classname="org.com.SampleInvocationCount"/>
  <testcase name="tc3" time="0.0" classname="org.com.SampleInvocationCount"/>
  <testcase name="tc3" time="0.005" classname="org.com.SampleInvocationCount"/>
  <testcase name="tc3" time="0.0" classname="org.com.SampleInvocationCount"/>
  <testcase name="tc3" time="0.0" classname="org.com.SampleInvocationCount"/>
  <testcase name="tc3" time="0.0" classname="org.com.SampleInvocationCount"/>
  <testcase name="tc3" time="0.0" classname="org.com.SampleInvocationCount"/>
  <testcase name="tc3" time="0.0" classname="org.com.SampleInvocationCount"/>
  <testcase name="tc3" time="0.003" classname="org.com.SampleInvocationCount"/>
  <testcase name="tc3" time="0.003" classname="org.com.SampleInvocationCount"/>
  <testcase name="tc3" time="0.013" classname="org.com.SampleInvocationCount"/>
  <testcase name="tc3" time="0.0" classname="org.com.SampleInvocationCount"/>
  <testcase name="tc3" time="0.004" classname="org.com.SampleInvocationCount"/>
  <testcase name="tc3" time="0.001" classname="org.com.SampleInvocationCount"/>
  <testcase name="tc3" time="0.002" classname="org.com.SampleInvocationCount"/>
  <testcase name="tc3" time="0.001" classname="org.com.SampleInvocationCount"/>
  <testcase name="tc3" time="0.0" classname="org.com.SampleInvocationCount"/>
  <testcase name="tc3" time="0.005" classname="org.com.SampleInvocationCount"/>
  <testcase name="tc3" time="0.0" classname="org.com.SampleInvocationCount"/>
  <testcase name="tc3" time="0.0" classname="org.com.SampleInvocationCount"/>
  <testcase name="tc3" time="0.002" classname="org.com.SampleInvocationCount"/>
  <testcase name="tc3" time="0.0" classname="org.com.SampleInvocationCount"/>
  <testcase name="tc3" time="0.0" classname="org.com.SampleInvocationCount"/>
  <testcase name="tc3" time="0.0" classname="org.com.SampleInvocationCount"/>
  <testcase name="tc3" time="0.002" classname="org.com.SampleInvocationCount"/>
  <testcase name="tc3" time="0.001" classname="org.com.SampleInvocationCount"/>
  <testcase name="tc3" time="0.001" classname="org.com.SampleInvocationCount"/>
  <testcase name="tc3" time="0.0" classname="org.com.SampleInvocationCount"/>
  <testcase name="tc3" time="0.003" classname="org.com.SampleInvocationCount"/>
  <testcase name="tc3" time="0.001" classname="org.com.SampleInvocationCount"/>
  <testcase name="tc3" time="0.0" classname="org.com.SampleInvocationCount"/>
  <testcase name="tc3" time="0.001" classname="org.com.SampleInvocationCount"/>
  <testcase name="tc3" time="0.0" classname="org.com.SampleInvocationCount"/>
  <testcase name="tc3" time="0.002" classname="org.com.SampleInvocationCount"/>
  <testcase name="tc3" time="0.0" classname="org.com.SampleInvocationCount"/>
  <testcase name="tc3" time="0.003" classname="org.com.SampleInvocationCount"/>
  <testcase name="tc3" time="0.0" classname="org.com.SampleInvocationCount"/>
  <testcase name="tc3" time="0.0" classname="org.com.SampleInvocationCount"/>
  <testcase name="tc3" time="0.002" classname="org.com.SampleInvocationCount"/>
  <testcase name="tc3" time="0.0" classname="org.com.SampleInvocationCount"/>
  <testcase name="tc3" time="0.0" classname="org.com.SampleInvocationCount"/>
  <testcase name="tc3" time="0.0" classname="org.com.SampleInvocationCount"/>
  <testcase name="tc3" time="0.0" classname="org.com.SampleInvocationCount"/>
  <testcase name="tc3" time="0.001" classname="org.com.SampleInvocationCount"/>
  <testcase name="tc3" time="0.001" classname="org.com.SampleInvocationCount"/>
  <testcase name="tc3" time="0.0" classname="org.com.SampleInvocationCount"/>
  <testcase name="tc3" time="0.0" classname="org.com.SampleInvocationCount"/>
  <testcase name="tc3" time="0.0" classname="org.com.SampleInvocationCount"/>
  <testcase name="tc3" time="0.0" classname="org.com.SampleInvocationCount"/>
  <testcase name="tc3" time="0.001" classname="org.com.SampleInvocationCount"/>
  <testcase name="tc3" time="0.0" classname="org.com.SampleInvocationCount"/>
  <testcase name="tc3" time="0.0" classname="org.com.SampleInvocationCount"/>
  <testcase name="tc3" time="0.0" classname="org.com.SampleInvocationCount"/>
  <testcase name="tc3" time="0.0" classname="org.com.SampleInvocationCount"/>
  <testcase name="tc3" time="0.0" classname="org.com.SampleInvocationCount"/>
  <testcase name="tc3" time="0.0" classname="org.com.SampleInvocationCount"/>
  <testcase name="tc3" time="0.005" classname="org.com.SampleInvocationCount"/>
  <testcase name="tc3" time="0.0" classname="org.com.SampleInvocationCount"/>
  <testcase name="tc3" time="0.0" classname="org.com.SampleInvocationCount"/>
  <testcase name="tc3" time="0.0" classname="org.com.SampleInvocationCount"/>
  <testcase name="tc3" time="0.0" classname="org.com.SampleInvocationCount"/>
  <testcase name="tc3" time="0.0" classname="org.com.SampleInvocationCount"/>
  <testcase name="tc3" time="0.0" classname="org.com.SampleInvocationCount"/>
  <testcase name="tc3" time="0.0" classname="org.com.SampleInvocationCount"/>
  <testcase name="tc3" time="0.0" classname="org.com.SampleInvocationCount"/>
  <testcase name="tc3" time="0.0" classname="org.com.SampleInvocationCount"/>
  <testcase name="tc3" time="0.0" classname="org.com.SampleInvocationCount"/>
  <testcase name="tc3" time="0.004" classname="org.com.SampleInvocationCount"/>
  <testcase name="tc3" time="0.0" classname="org.com.SampleInvocationCount"/>
  <testcase name="tc3" time="0.0" classname="org.com.SampleInvocationCount"/>
  <testcase name="tc3" time="0.016" classname="org.com.SampleInvocationCount"/>
  <testcase name="tc3" time="0.0" classname="org.com.SampleInvocationCount"/>
  <testcase name="tc3" time="0.0" classname="org.com.SampleInvocationCount"/>
  <testcase name="tc3" time="0.0" classname="org.com.SampleInvocationCount"/>
  <testcase name="tc3" time="0.004" classname="org.com.SampleInvocationCount"/>
  <testcase name="tc3" time="0.0" classname="org.com.SampleInvocationCount"/>
  <testcase name="tc3" time="0.0" classname="org.com.SampleInvocationCount"/>
  <testcase name="tc3" time="0.0" classname="org.com.SampleInvocationCount"/>
  <testcase name="tc3" time="0.0" classname="org.com.SampleInvocationCount"/>
  <testcase name="tc3" time="0.0" classname="org.com.SampleInvocationCount"/>
  <testcase name="tc3" time="0.0" classname="org.com.SampleInvocationCount"/>
  <testcase name="tc3" time="0.0" classname="org.com.SampleInvocationCount"/>
  <testcase name="tc3" time="0.0" classname="org.com.SampleInvocationCount"/>
  <testcase name="tc3" time="0.0" classname="org.com.SampleInvocationCount"/>
  <testcase name="tc3" time="0.001" classname="org.com.SampleInvocationCount"/>
  <testcase name="tc3" time="0.0" classname="org.com.SampleInvocationCount"/>
  <testcase name="tc3" time="0.001" classname="org.com.SampleInvocationCount"/>
  <testcase name="tc3" time="0.001" classname="org.com.SampleInvocationCount"/>
  <testcase name="tc3" time="0.001" classname="org.com.SampleInvocationCount"/>
  <testcase name="tc3" time="0.0" classname="org.com.SampleInvocationCount"/>
  <testcase name="tc3" time="0.0" classname="org.com.SampleInvocationCount"/>
  <testcase name="tc3" time="0.0" classname="org.com.SampleInvocationCount"/>
  <testcase name="tc3" time="0.0" classname="org.com.SampleInvocationCount"/>
  <testcase name="tc3" time="0.0" classname="org.com.SampleInvocationCount"/>
  <testcase name="tc3" time="0.0" classname="org.com.SampleInvocationCount"/>
  <testcase name="tc3" time="0.0" classname="org.com.SampleInvocationCount"/>
  <testcase name="tc3" time="0.0" classname="org.com.SampleInvocationCount"/>
  <testcase name="tc3" time="0.0" classname="org.com.SampleInvocationCount"/>
  <testcase name="tc3" time="0.002" classname="org.com.SampleInvocationCount"/>
  <testcase name="tc3" time="0.001" classname="org.com.SampleInvocationCount"/>
  <testcase name="tc3" time="0.001" classname="org.com.SampleInvocationCount"/>
  <testcase name="tc3" time="0.0" classname="org.com.SampleInvocationCount"/>
  <testcase name="tc3" time="0.0" classname="org.com.SampleInvocationCount"/>
  <testcase name="tc3" time="0.0" classname="org.com.SampleInvocationCount"/>
  <testcase name="tc3" time="0.0" classname="org.com.SampleInvocationCount"/>
  <testcase name="tc3" time="0.004" classname="org.com.SampleInvocationCount"/>
  <testcase name="tc3" time="0.0" classname="org.com.SampleInvocationCount"/>
  <testcase name="tc3" time="0.001" classname="org.com.SampleInvocationCount"/>
  <testcase name="tc3" time="0.0" classname="org.com.SampleInvocationCount"/>
  <testcase name="tc3" time="0.0" classname="org.com.SampleInvocationCount"/>
  <testcase name="tc3" time="0.0" classname="org.com.SampleInvocationCount"/>
  <testcase name="tc3" time="0.0" classname="org.com.SampleInvocationCount"/>
  <testcase name="tc3" time="0.0" classname="org.com.SampleInvocationCount"/>
  <testcase name="tc3" time="0.0" classname="org.com.SampleInvocationCount"/>
  <testcase name="tc3" time="0.0" classname="org.com.SampleInvocationCount"/>
  <testcase name="tc3" time="0.0" classname="org.com.SampleInvocationCount"/>
  <testcase name="tc3" time="0.002" classname="org.com.SampleInvocationCount"/>
  <testcase name="tc3" time="0.0" classname="org.com.SampleInvocationCount"/>
  <testcase name="tc3" time="0.001" classname="org.com.SampleInvocationCount"/>
  <testcase name="tc3" time="0.0" classname="org.com.SampleInvocationCount"/>
  <testcase name="tc3" time="0.003" classname="org.com.SampleInvocationCount"/>
  <testcase name="tc3" time="0.0" classname="org.com.SampleInvocationCount"/>
  <testcase name="tc3" time="0.0" classname="org.com.SampleInvocationCount"/>
  <testcase name="tc3" time="0.0" classname="org.com.SampleInvocationCount"/>
  <testcase name="tc3" time="0.0" classname="org.com.SampleInvocationCount"/>
  <testcase name="tc3" time="0.0" classname="org.com.SampleInvocationCount"/>
  <testcase name="tc3" time="0.0" classname="org.com.SampleInvocationCount"/>
  <testcase name="tc3" time="0.0" classname="org.com.SampleInvocationCount"/>
  <testcase name="tc3" time="0.0" classname="org.com.SampleInvocationCount"/>
  <testcase name="tc3" time="0.0" classname="org.com.SampleInvocationCount"/>
  <testcase name="tc3" time="0.001" classname="org.com.SampleInvocationCount"/>
  <testcase name="tc3" time="0.001" classname="org.com.SampleInvocationCount"/>
  <testcase name="tc3" time="0.0" classname="org.com.SampleInvocationCount"/>
  <testcase name="tc3" time="0.0" classname="org.com.SampleInvocationCount"/>
  <testcase name="tc3" time="0.001" classname="org.com.SampleInvocationCount"/>
  <testcase name="tc3" time="0.002" classname="org.com.SampleInvocationCount"/>
  <testcase name="tc3" time="0.001" classname="org.com.SampleInvocationCount"/>
  <testcase name="tc3" time="0.002" classname="org.com.SampleInvocationCount"/>
  <testcase name="tc3" time="0.0" classname="org.com.SampleInvocationCount"/>
  <testcase name="tc3" time="0.0" classname="org.com.SampleInvocationCount"/>
  <testcase name="tc3" time="0.0" classname="org.com.SampleInvocationCount"/>
  <testcase name="tc3" time="0.0" classname="org.com.SampleInvocationCount"/>
  <testcase name="tc3" time="0.0" classname="org.com.SampleInvocationCount"/>
  <testcase name="tc3" time="0.0" classname="org.com.SampleInvocationCount"/>
  <testcase name="tc3" time="0.0" classname="org.com.SampleInvocationCount"/>
  <testcase name="tc3" time="0.0" classname="org.com.SampleInvocationCount"/>
  <testcase name="tc3" time="0.0" classname="org.com.SampleInvocationCount"/>
  <testcase name="tc3" time="0.0" classname="org.com.SampleInvocationCount"/>
  <testcase name="tc3" time="0.0" classname="org.com.SampleInvocationCount"/>
  <testcase name="tc3" time="0.0" classname="org.com.SampleInvocationCount"/>
  <testcase name="tc2" time="0.0" classname="org.com.SampleInvocationCount"/>
  <testcase name="tc5" time="0.0" classname="org.com.SampleInvocationCount"/>
  <testcase name="tc1" time="0.0" classname="org.com.SampleInvocationCount"/>
</testsuite> <!-- Default test -->
