<?xml version="1.0" encoding="UTF-8"?>
<testng-results skipped="0" failed="0" total="180" passed="180">
  <reporter-output>
  </reporter-output>
  <suite name="Default suite" duration-ms="430" started-at="2022-09-09T04:48:23Z" finished-at="2022-09-09T04:48:24Z">
    <groups>
    </groups>
    <test name="Default test" duration-ms="430" started-at="2022-09-09T04:48:23Z" finished-at="2022-09-09T04:48:24Z">
      <class name="org.com.SampleInvocationCount">
        <test-method status="PASS" signature="tc4()[pri:0, instance:org.com.SampleInvocationCount@66a3ffec]" name="tc4" duration-ms="7" started-at="2022-09-09T10:18:23Z" finished-at="2022-09-09T10:18:23Z">
          <reporter-output>
          </reporter-output>
        </test-method> <!-- tc4 -->
        <test-method status="PASS" signature="tc3()[pri:0, instance:org.com.SampleInvocationCount@66a3ffec]" name="tc3" duration-ms="5" started-at="2022-09-09T10:18:23Z" finished-at="2022-09-09T10:18:23Z">
          <reporter-output>
          </reporter-output>
        </test-method> <!-- tc3 -->
        <test-method status="PASS" signature="tc3()[pri:0, instance:org.com.SampleInvocationCount@66a3ffec]" name="tc3" duration-ms="0" started-at="2022-09-09T10:18:23Z" finished-at="2022-09-09T10:18:23Z">
          <reporter-output>
          </reporter-output>
        </test-method> <!-- tc3 -->
        <test-method status="PASS" signature="tc3()[pri:0, instance:org.com.SampleInvocationCount@66a3ffec]" name="tc3" duration-ms="3" started-at="2022-09-09T10:18:23Z" finished-at="2022-09-09T10:18:23Z">
          <reporter-output>
          </reporter-output>
        </test-method> <!-- tc3 -->
        <test-method status="PASS" signature="tc3()[pri:0, instance:org.com.SampleInvocationCount@66a3ffec]" name="tc3" duration-ms="4" started-at="2022-09-09T10:18:23Z" finished-at="2022-09-09T10:18:23Z">
          <reporter-output>
          </reporter-output>
        </test-method> <!-- tc3 -->
        <test-method status="PASS" signature="tc3()[pri:0, instance:org.com.SampleInvocationCount@66a3ffec]" name="tc3" duration-ms="4" started-at="2022-09-09T10:18:23Z" finished-at="2022-09-09T10:18:23Z">
          <reporter-output>
          </reporter-output>
        </test-method> <!-- tc3 -->
        <test-method status="PASS" signature="tc3()[pri:0, instance:org.com.SampleInvocationCount@66a3ffec]" name="tc3" duration-ms="4" started-at="2022-09-09T10:18:23Z" finished-at="2022-09-09T10:18:23Z">
          <reporter-output>
          </reporter-output>
        </test-method> <!-- tc3 -->
        <test-method status="PASS" signature="tc3()[pri:0, instance:org.com.SampleInvocationCount@66a3ffec]" name="tc3" duration-ms="0" started-at="2022-09-09T10:18:23Z" finished-at="2022-09-09T10:18:23Z">
          <reporter-output>
          </reporter-output>
        </test-method> <!-- tc3 -->
        <test-method status="PASS" signature="tc3()[pri:0, instance:org.com.SampleInvocationCount@66a3ffec]" name="tc3" duration-ms="3" started-at="2022-09-09T10:18:23Z" finished-at="2022-09-09T10:18:23Z">
          <reporter-output>
          </reporter-output>
        </test-method> <!-- tc3 -->
        <test-method status="PASS" signature="tc3()[pri:0, instance:org.com.SampleInvocationCount@66a3ffec]" name="tc3" duration-ms="0" started-at="2022-09-09T10:18:23Z" finished-at="2022-09-09T10:18:23Z">
          <reporter-output>
          </reporter-output>
        </test-method> <!-- tc3 -->
        <test-method status="PASS" signature="tc3()[pri:0, instance:org.com.SampleInvocationCount@66a3ffec]" name="tc3" duration-ms="2" started-at="2022-09-09T10:18:23Z" finished-at="2022-09-09T10:18:23Z">
          <reporter-output>
          </reporter-output>
        </test-method> <!-- tc3 -->
        <test-method status="PASS" signature="tc3()[pri:0, instance:org.com.SampleInvocationCount@66a3ffec]" name="tc3" duration-ms="1" started-at="2022-09-09T10:18:23Z" finished-at="2022-09-09T10:18:23Z">
          <reporter-output>
          </reporter-output>
        </test-method> <!-- tc3 -->
        <test-method status="PASS" signature="tc3()[pri:0, instance:org.com.SampleInvocationCount@66a3ffec]" name="tc3" duration-ms="1" started-at="2022-09-09T10:18:23Z" finished-at="2022-09-09T10:18:23Z">
          <reporter-output>
          </reporter-output>
        </test-method> <!-- tc3 -->
        <test-method status="PASS" signature="tc3()[pri:0, instance:org.com.SampleInvocationCount@66a3ffec]" name="tc3" duration-ms="4" started-at="2022-09-09T10:18:23Z" finished-at="2022-09-09T10:18:23Z">
          <reporter-output>
          </reporter-output>
        </test-method> <!-- tc3 -->
        <test-method status="PASS" signature="tc3()[pri:0, instance:org.com.SampleInvocationCount@66a3ffec]" name="tc3" duration-ms="4" started-at="2022-09-09T10:18:23Z" finished-at="2022-09-09T10:18:23Z">
          <reporter-output>
          </reporter-output>
        </test-method> <!-- tc3 -->
        <test-method status="PASS" signature="tc3()[pri:0, instance:org.com.SampleInvocationCount@66a3ffec]" name="tc3" duration-ms="2" started-at="2022-09-09T10:18:23Z" finished-at="2022-09-09T10:18:23Z">
          <reporter-output>
          </reporter-output>
        </test-method> <!-- tc3 -->
        <test-method status="PASS" signature="tc3()[pri:0, instance:org.com.SampleInvocationCount@66a3ffec]" name="tc3" duration-ms="5" started-at="2022-09-09T10:18:23Z" finished-at="2022-09-09T10:18:23Z">
          <reporter-output>
          </reporter-output>
        </test-method> <!-- tc3 -->
        <test-method status="PASS" signature="tc3()[pri:0, instance:org.com.SampleInvocationCount@66a3ffec]" name="tc3" duration-ms="0" started-at="2022-09-09T10:18:23Z" finished-at="2022-09-09T10:18:23Z">
          <reporter-output>
          </reporter-output>
        </test-method> <!-- tc3 -->
        <test-method status="PASS" signature="tc3()[pri:0, instance:org.com.SampleInvocationCount@66a3ffec]" name="tc3" duration-ms="1" started-at="2022-09-09T10:18:23Z" finished-at="2022-09-09T10:18:23Z">
          <reporter-output>
          </reporter-output>
        </test-method> <!-- tc3 -->
        <test-method status="PASS" signature="tc3()[pri:0, instance:org.com.SampleInvocationCount@66a3ffec]" name="tc3" duration-ms="1" started-at="2022-09-09T10:18:23Z" finished-at="2022-09-09T10:18:23Z">
          <reporter-output>
          </reporter-output>
        </test-method> <!-- tc3 -->
        <test-method status="PASS" signature="tc3()[pri:0, instance:org.com.SampleInvocationCount@66a3ffec]" name="tc3" duration-ms="0" started-at="2022-09-09T10:18:23Z" finished-at="2022-09-09T10:18:23Z">
          <reporter-output>
          </reporter-output>
        </test-method> <!-- tc3 -->
        <test-method status="PASS" signature="tc3()[pri:0, instance:org.com.SampleInvocationCount@66a3ffec]" name="tc3" duration-ms="1" started-at="2022-09-09T10:18:23Z" finished-at="2022-09-09T10:18:23Z">
          <reporter-output>
          </reporter-output>
        </test-method> <!-- tc3 -->
        <test-method status="PASS" signature="tc3()[pri:0, instance:org.com.SampleInvocationCount@66a3ffec]" name="tc3" duration-ms="1" started-at="2022-09-09T10:18:23Z" finished-at="2022-09-09T10:18:23Z">
          <reporter-output>
          </reporter-output>
        </test-method> <!-- tc3 -->
        <test-method status="PASS" signature="tc3()[pri:0, instance:org.com.SampleInvocationCount@66a3ffec]" name="tc3" duration-ms="0" started-at="2022-09-09T10:18:23Z" finished-at="2022-09-09T10:18:23Z">
          <reporter-output>
          </reporter-output>
        </test-method> <!-- tc3 -->
        <test-method status="PASS" signature="tc3()[pri:0, instance:org.com.SampleInvocationCount@66a3ffec]" name="tc3" duration-ms="0" started-at="2022-09-09T10:18:23Z" finished-at="2022-09-09T10:18:23Z">
          <reporter-output>
          </reporter-output>
        </test-method> <!-- tc3 -->
        <test-method status="PASS" signature="tc3()[pri:0, instance:org.com.SampleInvocationCount@66a3ffec]" name="tc3" duration-ms="1" started-at="2022-09-09T10:18:23Z" finished-at="2022-09-09T10:18:23Z">
          <reporter-output>
          </reporter-output>
        </test-method> <!-- tc3 -->
        <test-method status="PASS" signature="tc3()[pri:0, instance:org.com.SampleInvocationCount@66a3ffec]" name="tc3" duration-ms="1" started-at="2022-09-09T10:18:23Z" finished-at="2022-09-09T10:18:23Z">
          <reporter-output>
          </reporter-output>
        </test-method> <!-- tc3 -->
        <test-method status="PASS" signature="tc3()[pri:0, instance:org.com.SampleInvocationCount@66a3ffec]" name="tc3" duration-ms="0" started-at="2022-09-09T10:18:23Z" finished-at="2022-09-09T10:18:23Z">
          <reporter-output>
          </reporter-output>
        </test-method> <!-- tc3 -->
        <test-method status="PASS" signature="tc3()[pri:0, instance:org.com.SampleInvocationCount@66a3ffec]" name="tc3" duration-ms="5" started-at="2022-09-09T10:18:23Z" finished-at="2022-09-09T10:18:23Z">
          <reporter-output>
          </reporter-output>
        </test-method> <!-- tc3 -->
        <test-method status="PASS" signature="tc3()[pri:0, instance:org.com.SampleInvocationCount@66a3ffec]" name="tc3" duration-ms="0" started-at="2022-09-09T10:18:23Z" finished-at="2022-09-09T10:18:23Z">
          <reporter-output>
          </reporter-output>
        </test-method> <!-- tc3 -->
        <test-method status="PASS" signature="tc3()[pri:0, instance:org.com.SampleInvocationCount@66a3ffec]" name="tc3" duration-ms="0" started-at="2022-09-09T10:18:23Z" finished-at="2022-09-09T10:18:23Z">
          <reporter-output>
          </reporter-output>
        </test-method> <!-- tc3 -->
        <test-method status="PASS" signature="tc3()[pri:0, instance:org.com.SampleInvocationCount@66a3ffec]" name="tc3" duration-ms="0" started-at="2022-09-09T10:18:23Z" finished-at="2022-09-09T10:18:23Z">
          <reporter-output>
          </reporter-output>
        </test-method> <!-- tc3 -->
        <test-method status="PASS" signature="tc3()[pri:0, instance:org.com.SampleInvocationCount@66a3ffec]" name="tc3" duration-ms="0" started-at="2022-09-09T10:18:23Z" finished-at="2022-09-09T10:18:23Z">
          <reporter-output>
          </reporter-output>
        </test-method> <!-- tc3 -->
        <test-method status="PASS" signature="tc3()[pri:0, instance:org.com.SampleInvocationCount@66a3ffec]" name="tc3" duration-ms="0" started-at="2022-09-09T10:18:23Z" finished-at="2022-09-09T10:18:23Z">
          <reporter-output>
          </reporter-output>
        </test-method> <!-- tc3 -->
        <test-method status="PASS" signature="tc3()[pri:0, instance:org.com.SampleInvocationCount@66a3ffec]" name="tc3" duration-ms="3" started-at="2022-09-09T10:18:23Z" finished-at="2022-09-09T10:18:23Z">
          <reporter-output>
          </reporter-output>
        </test-method> <!-- tc3 -->
        <test-method status="PASS" signature="tc3()[pri:0, instance:org.com.SampleInvocationCount@66a3ffec]" name="tc3" duration-ms="0" started-at="2022-09-09T10:18:23Z" finished-at="2022-09-09T10:18:23Z">
          <reporter-output>
          </reporter-output>
        </test-method> <!-- tc3 -->
        <test-method status="PASS" signature="tc3()[pri:0, instance:org.com.SampleInvocationCount@66a3ffec]" name="tc3" duration-ms="3" started-at="2022-09-09T10:18:23Z" finished-at="2022-09-09T10:18:23Z">
          <reporter-output>
          </reporter-output>
        </test-method> <!-- tc3 -->
        <test-method status="PASS" signature="tc3()[pri:0, instance:org.com.SampleInvocationCount@66a3ffec]" name="tc3" duration-ms="13" started-at="2022-09-09T10:18:23Z" finished-at="2022-09-09T10:18:23Z">
          <reporter-output>
          </reporter-output>
        </test-method> <!-- tc3 -->
        <test-method status="PASS" signature="tc3()[pri:0, instance:org.com.SampleInvocationCount@66a3ffec]" name="tc3" duration-ms="0" started-at="2022-09-09T10:18:23Z" finished-at="2022-09-09T10:18:23Z">
          <reporter-output>
          </reporter-output>
        </test-method> <!-- tc3 -->
        <test-method status="PASS" signature="tc3()[pri:0, instance:org.com.SampleInvocationCount@66a3ffec]" name="tc3" duration-ms="4" started-at="2022-09-09T10:18:23Z" finished-at="2022-09-09T10:18:23Z">
          <reporter-output>
          </reporter-output>
        </test-method> <!-- tc3 -->
        <test-method status="PASS" signature="tc3()[pri:0, instance:org.com.SampleInvocationCount@66a3ffec]" name="tc3" duration-ms="1" started-at="2022-09-09T10:18:23Z" finished-at="2022-09-09T10:18:23Z">
          <reporter-output>
          </reporter-output>
        </test-method> <!-- tc3 -->
        <test-method status="PASS" signature="tc3()[pri:0, instance:org.com.SampleInvocationCount@66a3ffec]" name="tc3" duration-ms="2" started-at="2022-09-09T10:18:23Z" finished-at="2022-09-09T10:18:23Z">
          <reporter-output>
          </reporter-output>
        </test-method> <!-- tc3 -->
        <test-method status="PASS" signature="tc3()[pri:0, instance:org.com.SampleInvocationCount@66a3ffec]" name="tc3" duration-ms="1" started-at="2022-09-09T10:18:23Z" finished-at="2022-09-09T10:18:23Z">
          <reporter-output>
          </reporter-output>
        </test-method> <!-- tc3 -->
        <test-method status="PASS" signature="tc3()[pri:0, instance:org.com.SampleInvocationCount@66a3ffec]" name="tc3" duration-ms="0" started-at="2022-09-09T10:18:23Z" finished-at="2022-09-09T10:18:23Z">
          <reporter-output>
          </reporter-output>
        </test-method> <!-- tc3 -->
        <test-method status="PASS" signature="tc3()[pri:0, instance:org.com.SampleInvocationCount@66a3ffec]" name="tc3" duration-ms="5" started-at="2022-09-09T10:18:23Z" finished-at="2022-09-09T10:18:23Z">
          <reporter-output>
          </reporter-output>
        </test-method> <!-- tc3 -->
        <test-method status="PASS" signature="tc3()[pri:0, instance:org.com.SampleInvocationCount@66a3ffec]" name="tc3" duration-ms="0" started-at="2022-09-09T10:18:23Z" finished-at="2022-09-09T10:18:23Z">
          <reporter-output>
          </reporter-output>
        </test-method> <!-- tc3 -->
        <test-method status="PASS" signature="tc3()[pri:0, instance:org.com.SampleInvocationCount@66a3ffec]" name="tc3" duration-ms="0" started-at="2022-09-09T10:18:23Z" finished-at="2022-09-09T10:18:23Z">
          <reporter-output>
          </reporter-output>
        </test-method> <!-- tc3 -->
        <test-method status="PASS" signature="tc3()[pri:0, instance:org.com.SampleInvocationCount@66a3ffec]" name="tc3" duration-ms="2" started-at="2022-09-09T10:18:23Z" finished-at="2022-09-09T10:18:23Z">
          <reporter-output>
          </reporter-output>
        </test-method> <!-- tc3 -->
        <test-method status="PASS" signature="tc3()[pri:0, instance:org.com.SampleInvocationCount@66a3ffec]" name="tc3" duration-ms="0" started-at="2022-09-09T10:18:23Z" finished-at="2022-09-09T10:18:23Z">
          <reporter-output>
          </reporter-output>
        </test-method> <!-- tc3 -->
        <test-method status="PASS" signature="tc3()[pri:0, instance:org.com.SampleInvocationCount@66a3ffec]" name="tc3" duration-ms="0" started-at="2022-09-09T10:18:23Z" finished-at="2022-09-09T10:18:23Z">
          <reporter-output>
          </reporter-output>
        </test-method> <!-- tc3 -->
        <test-method status="PASS" signature="tc3()[pri:0, instance:org.com.SampleInvocationCount@66a3ffec]" name="tc3" duration-ms="0" started-at="2022-09-09T10:18:23Z" finished-at="2022-09-09T10:18:23Z">
          <reporter-output>
          </reporter-output>
        </test-method> <!-- tc3 -->
        <test-method status="PASS" signature="tc3()[pri:0, instance:org.com.SampleInvocationCount@66a3ffec]" name="tc3" duration-ms="2" started-at="2022-09-09T10:18:23Z" finished-at="2022-09-09T10:18:23Z">
          <reporter-output>
          </reporter-output>
        </test-method> <!-- tc3 -->
        <test-method status="PASS" signature="tc3()[pri:0, instance:org.com.SampleInvocationCount@66a3ffec]" name="tc3" duration-ms="1" started-at="2022-09-09T10:18:23Z" finished-at="2022-09-09T10:18:23Z">
          <reporter-output>
          </reporter-output>
        </test-method> <!-- tc3 -->
        <test-method status="PASS" signature="tc3()[pri:0, instance:org.com.SampleInvocationCount@66a3ffec]" name="tc3" duration-ms="1" started-at="2022-09-09T10:18:23Z" finished-at="2022-09-09T10:18:23Z">
          <reporter-output>
          </reporter-output>
        </test-method> <!-- tc3 -->
        <test-method status="PASS" signature="tc3()[pri:0, instance:org.com.SampleInvocationCount@66a3ffec]" name="tc3" duration-ms="3" started-at="2022-09-09T10:18:23Z" finished-at="2022-09-09T10:18:23Z">
          <reporter-output>
          </reporter-output>
        </test-method> <!-- tc3 -->
        <test-method status="PASS" signature="tc3()[pri:0, instance:org.com.SampleInvocationCount@66a3ffec]" name="tc3" duration-ms="0" started-at="2022-09-09T10:18:23Z" finished-at="2022-09-09T10:18:23Z">
          <reporter-output>
          </reporter-output>
        </test-method> <!-- tc3 -->
        <test-method status="PASS" signature="tc3()[pri:0, instance:org.com.SampleInvocationCount@66a3ffec]" name="tc3" duration-ms="1" started-at="2022-09-09T10:18:23Z" finished-at="2022-09-09T10:18:23Z">
          <reporter-output>
          </reporter-output>
        </test-method> <!-- tc3 -->
        <test-method status="PASS" signature="tc3()[pri:0, instance:org.com.SampleInvocationCount@66a3ffec]" name="tc3" duration-ms="0" started-at="2022-09-09T10:18:23Z" finished-at="2022-09-09T10:18:23Z">
          <reporter-output>
          </reporter-output>
        </test-method> <!-- tc3 -->
        <test-method status="PASS" signature="tc3()[pri:0, instance:org.com.SampleInvocationCount@66a3ffec]" name="tc3" duration-ms="1" started-at="2022-09-09T10:18:23Z" finished-at="2022-09-09T10:18:23Z">
          <reporter-output>
          </reporter-output>
        </test-method> <!-- tc3 -->
        <test-method status="PASS" signature="tc3()[pri:0, instance:org.com.SampleInvocationCount@66a3ffec]" name="tc3" duration-ms="0" started-at="2022-09-09T10:18:23Z" finished-at="2022-09-09T10:18:23Z">
          <reporter-output>
          </reporter-output>
        </test-method> <!-- tc3 -->
        <test-method status="PASS" signature="tc3()[pri:0, instance:org.com.SampleInvocationCount@66a3ffec]" name="tc3" duration-ms="2" started-at="2022-09-09T10:18:23Z" finished-at="2022-09-09T10:18:24Z">
          <reporter-output>
          </reporter-output>
        </test-method> <!-- tc3 -->
        <test-method status="PASS" signature="tc3()[pri:0, instance:org.com.SampleInvocationCount@66a3ffec]" name="tc3" duration-ms="0" started-at="2022-09-09T10:18:24Z" finished-at="2022-09-09T10:18:24Z">
          <reporter-output>
          </reporter-output>
        </test-method> <!-- tc3 -->
        <test-method status="PASS" signature="tc3()[pri:0, instance:org.com.SampleInvocationCount@66a3ffec]" name="tc3" duration-ms="3" started-at="2022-09-09T10:18:24Z" finished-at="2022-09-09T10:18:24Z">
          <reporter-output>
          </reporter-output>
        </test-method> <!-- tc3 -->
        <test-method status="PASS" signature="tc3()[pri:0, instance:org.com.SampleInvocationCount@66a3ffec]" name="tc3" duration-ms="0" started-at="2022-09-09T10:18:24Z" finished-at="2022-09-09T10:18:24Z">
          <reporter-output>
          </reporter-output>
        </test-method> <!-- tc3 -->
        <test-method status="PASS" signature="tc3()[pri:0, instance:org.com.SampleInvocationCount@66a3ffec]" name="tc3" duration-ms="2" started-at="2022-09-09T10:18:24Z" finished-at="2022-09-09T10:18:24Z">
          <reporter-output>
          </reporter-output>
        </test-method> <!-- tc3 -->
        <test-method status="PASS" signature="tc3()[pri:0, instance:org.com.SampleInvocationCount@66a3ffec]" name="tc3" duration-ms="0" started-at="2022-09-09T10:18:24Z" finished-at="2022-09-09T10:18:24Z">
          <reporter-output>
          </reporter-output>
        </test-method> <!-- tc3 -->
        <test-method status="PASS" signature="tc3()[pri:0, instance:org.com.SampleInvocationCount@66a3ffec]" name="tc3" duration-ms="0" started-at="2022-09-09T10:18:24Z" finished-at="2022-09-09T10:18:24Z">
          <reporter-output>
          </reporter-output>
        </test-method> <!-- tc3 -->
        <test-method status="PASS" signature="tc3()[pri:0, instance:org.com.SampleInvocationCount@66a3ffec]" name="tc3" duration-ms="0" started-at="2022-09-09T10:18:24Z" finished-at="2022-09-09T10:18:24Z">
          <reporter-output>
          </reporter-output>
        </test-method> <!-- tc3 -->
        <test-method status="PASS" signature="tc3()[pri:0, instance:org.com.SampleInvocationCount@66a3ffec]" name="tc3" duration-ms="0" started-at="2022-09-09T10:18:24Z" finished-at="2022-09-09T10:18:24Z">
          <reporter-output>
          </reporter-output>
        </test-method> <!-- tc3 -->
        <test-method status="PASS" signature="tc3()[pri:0, instance:org.com.SampleInvocationCount@66a3ffec]" name="tc3" duration-ms="1" started-at="2022-09-09T10:18:24Z" finished-at="2022-09-09T10:18:24Z">
          <reporter-output>
          </reporter-output>
        </test-method> <!-- tc3 -->
        <test-method status="PASS" signature="tc3()[pri:0, instance:org.com.SampleInvocationCount@66a3ffec]" name="tc3" duration-ms="0" started-at="2022-09-09T10:18:24Z" finished-at="2022-09-09T10:18:24Z">
          <reporter-output>
          </reporter-output>
        </test-method> <!-- tc3 -->
        <test-method status="PASS" signature="tc3()[pri:0, instance:org.com.SampleInvocationCount@66a3ffec]" name="tc3" duration-ms="1" started-at="2022-09-09T10:18:24Z" finished-at="2022-09-09T10:18:24Z">
          <reporter-output>
          </reporter-output>
        </test-method> <!-- tc3 -->
        <test-method status="PASS" signature="tc3()[pri:0, instance:org.com.SampleInvocationCount@66a3ffec]" name="tc3" duration-ms="0" started-at="2022-09-09T10:18:24Z" finished-at="2022-09-09T10:18:24Z">
          <reporter-output>
          </reporter-output>
        </test-method> <!-- tc3 -->
        <test-method status="PASS" signature="tc3()[pri:0, instance:org.com.SampleInvocationCount@66a3ffec]" name="tc3" duration-ms="0" started-at="2022-09-09T10:18:24Z" finished-at="2022-09-09T10:18:24Z">
          <reporter-output>
          </reporter-output>
        </test-method> <!-- tc3 -->
        <test-method status="PASS" signature="tc3()[pri:0, instance:org.com.SampleInvocationCount@66a3ffec]" name="tc3" duration-ms="0" started-at="2022-09-09T10:18:24Z" finished-at="2022-09-09T10:18:24Z">
          <reporter-output>
          </reporter-output>
        </test-method> <!-- tc3 -->
        <test-method status="PASS" signature="tc3()[pri:0, instance:org.com.SampleInvocationCount@66a3ffec]" name="tc3" duration-ms="1" started-at="2022-09-09T10:18:24Z" finished-at="2022-09-09T10:18:24Z">
          <reporter-output>
          </reporter-output>
        </test-method> <!-- tc3 -->
        <test-method status="PASS" signature="tc3()[pri:0, instance:org.com.SampleInvocationCount@66a3ffec]" name="tc3" duration-ms="0" started-at="2022-09-09T10:18:24Z" finished-at="2022-09-09T10:18:24Z">
          <reporter-output>
          </reporter-output>
        </test-method> <!-- tc3 -->
        <test-method status="PASS" signature="tc3()[pri:0, instance:org.com.SampleInvocationCount@66a3ffec]" name="tc3" duration-ms="0" started-at="2022-09-09T10:18:24Z" finished-at="2022-09-09T10:18:24Z">
          <reporter-output>
          </reporter-output>
        </test-method> <!-- tc3 -->
        <test-method status="PASS" signature="tc3()[pri:0, instance:org.com.SampleInvocationCount@66a3ffec]" name="tc3" duration-ms="0" started-at="2022-09-09T10:18:24Z" finished-at="2022-09-09T10:18:24Z">
          <reporter-output>
          </reporter-output>
        </test-method> <!-- tc3 -->
        <test-method status="PASS" signature="tc3()[pri:0, instance:org.com.SampleInvocationCount@66a3ffec]" name="tc3" duration-ms="0" started-at="2022-09-09T10:18:24Z" finished-at="2022-09-09T10:18:24Z">
          <reporter-output>
          </reporter-output>
        </test-method> <!-- tc3 -->
        <test-method status="PASS" signature="tc3()[pri:0, instance:org.com.SampleInvocationCount@66a3ffec]" name="tc3" duration-ms="5" started-at="2022-09-09T10:18:24Z" finished-at="2022-09-09T10:18:24Z">
          <reporter-output>
          </reporter-output>
        </test-method> <!-- tc3 -->
        <test-method status="PASS" signature="tc3()[pri:0, instance:org.com.SampleInvocationCount@66a3ffec]" name="tc3" duration-ms="0" started-at="2022-09-09T10:18:24Z" finished-at="2022-09-09T10:18:24Z">
          <reporter-output>
          </reporter-output>
        </test-method> <!-- tc3 -->
        <test-method status="PASS" signature="tc3()[pri:0, instance:org.com.SampleInvocationCount@66a3ffec]" name="tc3" duration-ms="0" started-at="2022-09-09T10:18:24Z" finished-at="2022-09-09T10:18:24Z">
          <reporter-output>
          </reporter-output>
        </test-method> <!-- tc3 -->
        <test-method status="PASS" signature="tc3()[pri:0, instance:org.com.SampleInvocationCount@66a3ffec]" name="tc3" duration-ms="0" started-at="2022-09-09T10:18:24Z" finished-at="2022-09-09T10:18:24Z">
          <reporter-output>
          </reporter-output>
        </test-method> <!-- tc3 -->
        <test-method status="PASS" signature="tc3()[pri:0, instance:org.com.SampleInvocationCount@66a3ffec]" name="tc3" duration-ms="0" started-at="2022-09-09T10:18:24Z" finished-at="2022-09-09T10:18:24Z">
          <reporter-output>
          </reporter-output>
        </test-method> <!-- tc3 -->
        <test-method status="PASS" signature="tc3()[pri:0, instance:org.com.SampleInvocationCount@66a3ffec]" name="tc3" duration-ms="0" started-at="2022-09-09T10:18:24Z" finished-at="2022-09-09T10:18:24Z">
          <reporter-output>
          </reporter-output>
        </test-method> <!-- tc3 -->
        <test-method status="PASS" signature="tc3()[pri:0, instance:org.com.SampleInvocationCount@66a3ffec]" name="tc3" duration-ms="0" started-at="2022-09-09T10:18:24Z" finished-at="2022-09-09T10:18:24Z">
          <reporter-output>
          </reporter-output>
        </test-method> <!-- tc3 -->
        <test-method status="PASS" signature="tc3()[pri:0, instance:org.com.SampleInvocationCount@66a3ffec]" name="tc3" duration-ms="0" started-at="2022-09-09T10:18:24Z" finished-at="2022-09-09T10:18:24Z">
          <reporter-output>
          </reporter-output>
        </test-method> <!-- tc3 -->
        <test-method status="PASS" signature="tc3()[pri:0, instance:org.com.SampleInvocationCount@66a3ffec]" name="tc3" duration-ms="0" started-at="2022-09-09T10:18:24Z" finished-at="2022-09-09T10:18:24Z">
          <reporter-output>
          </reporter-output>
        </test-method> <!-- tc3 -->
        <test-method status="PASS" signature="tc3()[pri:0, instance:org.com.SampleInvocationCount@66a3ffec]" name="tc3" duration-ms="0" started-at="2022-09-09T10:18:24Z" finished-at="2022-09-09T10:18:24Z">
          <reporter-output>
          </reporter-output>
        </test-method> <!-- tc3 -->
        <test-method status="PASS" signature="tc3()[pri:0, instance:org.com.SampleInvocationCount@66a3ffec]" name="tc3" duration-ms="0" started-at="2022-09-09T10:18:24Z" finished-at="2022-09-09T10:18:24Z">
          <reporter-output>
          </reporter-output>
        </test-method> <!-- tc3 -->
        <test-method status="PASS" signature="tc3()[pri:0, instance:org.com.SampleInvocationCount@66a3ffec]" name="tc3" duration-ms="0" started-at="2022-09-09T10:18:24Z" finished-at="2022-09-09T10:18:24Z">
          <reporter-output>
          </reporter-output>
        </test-method> <!-- tc3 -->
        <test-method status="PASS" signature="tc3()[pri:0, instance:org.com.SampleInvocationCount@66a3ffec]" name="tc3" duration-ms="0" started-at="2022-09-09T10:18:24Z" finished-at="2022-09-09T10:18:24Z">
          <reporter-output>
          </reporter-output>
        </test-method> <!-- tc3 -->
        <test-method status="PASS" signature="tc3()[pri:0, instance:org.com.SampleInvocationCount@66a3ffec]" name="tc3" duration-ms="0" started-at="2022-09-09T10:18:24Z" finished-at="2022-09-09T10:18:24Z">
          <reporter-output>
          </reporter-output>
        </test-method> <!-- tc3 -->
        <test-method status="PASS" signature="tc3()[pri:0, instance:org.com.SampleInvocationCount@66a3ffec]" name="tc3" duration-ms="4" started-at="2022-09-09T10:18:24Z" finished-at="2022-09-09T10:18:24Z">
          <reporter-output>
          </reporter-output>
        </test-method> <!-- tc3 -->
        <test-method status="PASS" signature="tc3()[pri:0, instance:org.com.SampleInvocationCount@66a3ffec]" name="tc3" duration-ms="0" started-at="2022-09-09T10:18:24Z" finished-at="2022-09-09T10:18:24Z">
          <reporter-output>
          </reporter-output>
        </test-method> <!-- tc3 -->
        <test-method status="PASS" signature="tc3()[pri:0, instance:org.com.SampleInvocationCount@66a3ffec]" name="tc3" duration-ms="16" started-at="2022-09-09T10:18:24Z" finished-at="2022-09-09T10:18:24Z">
          <reporter-output>
          </reporter-output>
        </test-method> <!-- tc3 -->
        <test-method status="PASS" signature="tc3()[pri:0, instance:org.com.SampleInvocationCount@66a3ffec]" name="tc3" duration-ms="0" started-at="2022-09-09T10:18:24Z" finished-at="2022-09-09T10:18:24Z">
          <reporter-output>
          </reporter-output>
        </test-method> <!-- tc3 -->
        <test-method status="PASS" signature="tc3()[pri:0, instance:org.com.SampleInvocationCount@66a3ffec]" name="tc3" duration-ms="0" started-at="2022-09-09T10:18:24Z" finished-at="2022-09-09T10:18:24Z">
          <reporter-output>
          </reporter-output>
        </test-method> <!-- tc3 -->
        <test-method status="PASS" signature="tc3()[pri:0, instance:org.com.SampleInvocationCount@66a3ffec]" name="tc3" duration-ms="0" started-at="2022-09-09T10:18:24Z" finished-at="2022-09-09T10:18:24Z">
          <reporter-output>
          </reporter-output>
        </test-method> <!-- tc3 -->
        <test-method status="PASS" signature="tc3()[pri:0, instance:org.com.SampleInvocationCount@66a3ffec]" name="tc3" duration-ms="4" started-at="2022-09-09T10:18:24Z" finished-at="2022-09-09T10:18:24Z">
          <reporter-output>
          </reporter-output>
        </test-method> <!-- tc3 -->
        <test-method status="PASS" signature="tc3()[pri:0, instance:org.com.SampleInvocationCount@66a3ffec]" name="tc3" duration-ms="0" started-at="2022-09-09T10:18:24Z" finished-at="2022-09-09T10:18:24Z">
          <reporter-output>
          </reporter-output>
        </test-method> <!-- tc3 -->
        <test-method status="PASS" signature="tc3()[pri:0, instance:org.com.SampleInvocationCount@66a3ffec]" name="tc3" duration-ms="0" started-at="2022-09-09T10:18:24Z" finished-at="2022-09-09T10:18:24Z">
          <reporter-output>
          </reporter-output>
        </test-method> <!-- tc3 -->
        <test-method status="PASS" signature="tc3()[pri:0, instance:org.com.SampleInvocationCount@66a3ffec]" name="tc3" duration-ms="0" started-at="2022-09-09T10:18:24Z" finished-at="2022-09-09T10:18:24Z">
          <reporter-output>
          </reporter-output>
        </test-method> <!-- tc3 -->
        <test-method status="PASS" signature="tc3()[pri:0, instance:org.com.SampleInvocationCount@66a3ffec]" name="tc3" duration-ms="0" started-at="2022-09-09T10:18:24Z" finished-at="2022-09-09T10:18:24Z">
          <reporter-output>
          </reporter-output>
        </test-method> <!-- tc3 -->
        <test-method status="PASS" signature="tc3()[pri:0, instance:org.com.SampleInvocationCount@66a3ffec]" name="tc3" duration-ms="0" started-at="2022-09-09T10:18:24Z" finished-at="2022-09-09T10:18:24Z">
          <reporter-output>
          </reporter-output>
        </test-method> <!-- tc3 -->
        <test-method status="PASS" signature="tc3()[pri:0, instance:org.com.SampleInvocationCount@66a3ffec]" name="tc3" duration-ms="0" started-at="2022-09-09T10:18:24Z" finished-at="2022-09-09T10:18:24Z">
          <reporter-output>
          </reporter-output>
        </test-method> <!-- tc3 -->
        <test-method status="PASS" signature="tc3()[pri:0, instance:org.com.SampleInvocationCount@66a3ffec]" name="tc3" duration-ms="0" started-at="2022-09-09T10:18:24Z" finished-at="2022-09-09T10:18:24Z">
          <reporter-output>
          </reporter-output>
        </test-method> <!-- tc3 -->
        <test-method status="PASS" signature="tc3()[pri:0, instance:org.com.SampleInvocationCount@66a3ffec]" name="tc3" duration-ms="0" started-at="2022-09-09T10:18:24Z" finished-at="2022-09-09T10:18:24Z">
          <reporter-output>
          </reporter-output>
        </test-method> <!-- tc3 -->
        <test-method status="PASS" signature="tc3()[pri:0, instance:org.com.SampleInvocationCount@66a3ffec]" name="tc3" duration-ms="0" started-at="2022-09-09T10:18:24Z" finished-at="2022-09-09T10:18:24Z">
          <reporter-output>
          </reporter-output>
        </test-method> <!-- tc3 -->
        <test-method status="PASS" signature="tc3()[pri:0, instance:org.com.SampleInvocationCount@66a3ffec]" name="tc3" duration-ms="1" started-at="2022-09-09T10:18:24Z" finished-at="2022-09-09T10:18:24Z">
          <reporter-output>
          </reporter-output>
        </test-method> <!-- tc3 -->
        <test-method status="PASS" signature="tc3()[pri:0, instance:org.com.SampleInvocationCount@66a3ffec]" name="tc3" duration-ms="0" started-at="2022-09-09T10:18:24Z" finished-at="2022-09-09T10:18:24Z">
          <reporter-output>
          </reporter-output>
        </test-method> <!-- tc3 -->
        <test-method status="PASS" signature="tc3()[pri:0, instance:org.com.SampleInvocationCount@66a3ffec]" name="tc3" duration-ms="0" started-at="2022-09-09T10:18:24Z" finished-at="2022-09-09T10:18:24Z">
          <reporter-output>
          </reporter-output>
        </test-method> <!-- tc3 -->
        <test-method status="PASS" signature="tc3()[pri:0, instance:org.com.SampleInvocationCount@66a3ffec]" name="tc3" duration-ms="1" started-at="2022-09-09T10:18:24Z" finished-at="2022-09-09T10:18:24Z">
          <reporter-output>
          </reporter-output>
        </test-method> <!-- tc3 -->
        <test-method status="PASS" signature="tc3()[pri:0, instance:org.com.SampleInvocationCount@66a3ffec]" name="tc3" duration-ms="1" started-at="2022-09-09T10:18:24Z" finished-at="2022-09-09T10:18:24Z">
          <reporter-output>
          </reporter-output>
        </test-method> <!-- tc3 -->
        <test-method status="PASS" signature="tc3()[pri:0, instance:org.com.SampleInvocationCount@66a3ffec]" name="tc3" duration-ms="1" started-at="2022-09-09T10:18:24Z" finished-at="2022-09-09T10:18:24Z">
          <reporter-output>
          </reporter-output>
        </test-method> <!-- tc3 -->
        <test-method status="PASS" signature="tc3()[pri:0, instance:org.com.SampleInvocationCount@66a3ffec]" name="tc3" duration-ms="0" started-at="2022-09-09T10:18:24Z" finished-at="2022-09-09T10:18:24Z">
          <reporter-output>
          </reporter-output>
        </test-method> <!-- tc3 -->
        <test-method status="PASS" signature="tc3()[pri:0, instance:org.com.SampleInvocationCount@66a3ffec]" name="tc3" duration-ms="0" started-at="2022-09-09T10:18:24Z" finished-at="2022-09-09T10:18:24Z">
          <reporter-output>
          </reporter-output>
        </test-method> <!-- tc3 -->
        <test-method status="PASS" signature="tc3()[pri:0, instance:org.com.SampleInvocationCount@66a3ffec]" name="tc3" duration-ms="0" started-at="2022-09-09T10:18:24Z" finished-at="2022-09-09T10:18:24Z">
          <reporter-output>
          </reporter-output>
        </test-method> <!-- tc3 -->
        <test-method status="PASS" signature="tc3()[pri:0, instance:org.com.SampleInvocationCount@66a3ffec]" name="tc3" duration-ms="0" started-at="2022-09-09T10:18:24Z" finished-at="2022-09-09T10:18:24Z">
          <reporter-output>
          </reporter-output>
        </test-method> <!-- tc3 -->
        <test-method status="PASS" signature="tc3()[pri:0, instance:org.com.SampleInvocationCount@66a3ffec]" name="tc3" duration-ms="0" started-at="2022-09-09T10:18:24Z" finished-at="2022-09-09T10:18:24Z">
          <reporter-output>
          </reporter-output>
        </test-method> <!-- tc3 -->
        <test-method status="PASS" signature="tc3()[pri:0, instance:org.com.SampleInvocationCount@66a3ffec]" name="tc3" duration-ms="0" started-at="2022-09-09T10:18:24Z" finished-at="2022-09-09T10:18:24Z">
          <reporter-output>
          </reporter-output>
        </test-method> <!-- tc3 -->
        <test-method status="PASS" signature="tc3()[pri:0, instance:org.com.SampleInvocationCount@66a3ffec]" name="tc3" duration-ms="0" started-at="2022-09-09T10:18:24Z" finished-at="2022-09-09T10:18:24Z">
          <reporter-output>
          </reporter-output>
        </test-method> <!-- tc3 -->
        <test-method status="PASS" signature="tc3()[pri:0, instance:org.com.SampleInvocationCount@66a3ffec]" name="tc3" duration-ms="0" started-at="2022-09-09T10:18:24Z" finished-at="2022-09-09T10:18:24Z">
          <reporter-output>
          </reporter-output>
        </test-method> <!-- tc3 -->
        <test-method status="PASS" signature="tc3()[pri:0, instance:org.com.SampleInvocationCount@66a3ffec]" name="tc3" duration-ms="0" started-at="2022-09-09T10:18:24Z" finished-at="2022-09-09T10:18:24Z">
          <reporter-output>
          </reporter-output>
        </test-method> <!-- tc3 -->
        <test-method status="PASS" signature="tc3()[pri:0, instance:org.com.SampleInvocationCount@66a3ffec]" name="tc3" duration-ms="2" started-at="2022-09-09T10:18:24Z" finished-at="2022-09-09T10:18:24Z">
          <reporter-output>
          </reporter-output>
        </test-method> <!-- tc3 -->
        <test-method status="PASS" signature="tc3()[pri:0, instance:org.com.SampleInvocationCount@66a3ffec]" name="tc3" duration-ms="1" started-at="2022-09-09T10:18:24Z" finished-at="2022-09-09T10:18:24Z">
          <reporter-output>
          </reporter-output>
        </test-method> <!-- tc3 -->
        <test-method status="PASS" signature="tc3()[pri:0, instance:org.com.SampleInvocationCount@66a3ffec]" name="tc3" duration-ms="1" started-at="2022-09-09T10:18:24Z" finished-at="2022-09-09T10:18:24Z">
          <reporter-output>
          </reporter-output>
        </test-method> <!-- tc3 -->
        <test-method status="PASS" signature="tc3()[pri:0, instance:org.com.SampleInvocationCount@66a3ffec]" name="tc3" duration-ms="0" started-at="2022-09-09T10:18:24Z" finished-at="2022-09-09T10:18:24Z">
          <reporter-output>
          </reporter-output>
        </test-method> <!-- tc3 -->
        <test-method status="PASS" signature="tc3()[pri:0, instance:org.com.SampleInvocationCount@66a3ffec]" name="tc3" duration-ms="4" started-at="2022-09-09T10:18:24Z" finished-at="2022-09-09T10:18:24Z">
          <reporter-output>
          </reporter-output>
        </test-method> <!-- tc3 -->
        <test-method status="PASS" signature="tc3()[pri:0, instance:org.com.SampleInvocationCount@66a3ffec]" name="tc3" duration-ms="0" started-at="2022-09-09T10:18:24Z" finished-at="2022-09-09T10:18:24Z">
          <reporter-output>
          </reporter-output>
        </test-method> <!-- tc3 -->
        <test-method status="PASS" signature="tc3()[pri:0, instance:org.com.SampleInvocationCount@66a3ffec]" name="tc3" duration-ms="0" started-at="2022-09-09T10:18:24Z" finished-at="2022-09-09T10:18:24Z">
          <reporter-output>
          </reporter-output>
        </test-method> <!-- tc3 -->
        <test-method status="PASS" signature="tc3()[pri:0, instance:org.com.SampleInvocationCount@66a3ffec]" name="tc3" duration-ms="0" started-at="2022-09-09T10:18:24Z" finished-at="2022-09-09T10:18:24Z">
          <reporter-output>
          </reporter-output>
        </test-method> <!-- tc3 -->
        <test-method status="PASS" signature="tc3()[pri:0, instance:org.com.SampleInvocationCount@66a3ffec]" name="tc3" duration-ms="1" started-at="2022-09-09T10:18:24Z" finished-at="2022-09-09T10:18:24Z">
          <reporter-output>
          </reporter-output>
        </test-method> <!-- tc3 -->
        <test-method status="PASS" signature="tc3()[pri:0, instance:org.com.SampleInvocationCount@66a3ffec]" name="tc3" duration-ms="0" started-at="2022-09-09T10:18:24Z" finished-at="2022-09-09T10:18:24Z">
          <reporter-output>
          </reporter-output>
        </test-method> <!-- tc3 -->
        <test-method status="PASS" signature="tc3()[pri:0, instance:org.com.SampleInvocationCount@66a3ffec]" name="tc3" duration-ms="0" started-at="2022-09-09T10:18:24Z" finished-at="2022-09-09T10:18:24Z">
          <reporter-output>
          </reporter-output>
        </test-method> <!-- tc3 -->
        <test-method status="PASS" signature="tc3()[pri:0, instance:org.com.SampleInvocationCount@66a3ffec]" name="tc3" duration-ms="0" started-at="2022-09-09T10:18:24Z" finished-at="2022-09-09T10:18:24Z">
          <reporter-output>
          </reporter-output>
        </test-method> <!-- tc3 -->
        <test-method status="PASS" signature="tc3()[pri:0, instance:org.com.SampleInvocationCount@66a3ffec]" name="tc3" duration-ms="0" started-at="2022-09-09T10:18:24Z" finished-at="2022-09-09T10:18:24Z">
          <reporter-output>
          </reporter-output>
        </test-method> <!-- tc3 -->
        <test-method status="PASS" signature="tc3()[pri:0, instance:org.com.SampleInvocationCount@66a3ffec]" name="tc3" duration-ms="0" started-at="2022-09-09T10:18:24Z" finished-at="2022-09-09T10:18:24Z">
          <reporter-output>
          </reporter-output>
        </test-method> <!-- tc3 -->
        <test-method status="PASS" signature="tc3()[pri:0, instance:org.com.SampleInvocationCount@66a3ffec]" name="tc3" duration-ms="0" started-at="2022-09-09T10:18:24Z" finished-at="2022-09-09T10:18:24Z">
          <reporter-output>
          </reporter-output>
        </test-method> <!-- tc3 -->
        <test-method status="PASS" signature="tc3()[pri:0, instance:org.com.SampleInvocationCount@66a3ffec]" name="tc3" duration-ms="0" started-at="2022-09-09T10:18:24Z" finished-at="2022-09-09T10:18:24Z">
          <reporter-output>
          </reporter-output>
        </test-method> <!-- tc3 -->
        <test-method status="PASS" signature="tc3()[pri:0, instance:org.com.SampleInvocationCount@66a3ffec]" name="tc3" duration-ms="0" started-at="2022-09-09T10:18:24Z" finished-at="2022-09-09T10:18:24Z">
          <reporter-output>
          </reporter-output>
        </test-method> <!-- tc3 -->
        <test-method status="PASS" signature="tc3()[pri:0, instance:org.com.SampleInvocationCount@66a3ffec]" name="tc3" duration-ms="0" started-at="2022-09-09T10:18:24Z" finished-at="2022-09-09T10:18:24Z">
          <reporter-output>
          </reporter-output>
        </test-method> <!-- tc3 -->
        <test-method status="PASS" signature="tc3()[pri:0, instance:org.com.SampleInvocationCount@66a3ffec]" name="tc3" duration-ms="2" started-at="2022-09-09T10:18:24Z" finished-at="2022-09-09T10:18:24Z">
          <reporter-output>
          </reporter-output>
        </test-method> <!-- tc3 -->
        <test-method status="PASS" signature="tc3()[pri:0, instance:org.com.SampleInvocationCount@66a3ffec]" name="tc3" duration-ms="0" started-at="2022-09-09T10:18:24Z" finished-at="2022-09-09T10:18:24Z">
          <reporter-output>
          </reporter-output>
        </test-method> <!-- tc3 -->
        <test-method status="PASS" signature="tc3()[pri:0, instance:org.com.SampleInvocationCount@66a3ffec]" name="tc3" duration-ms="1" started-at="2022-09-09T10:18:24Z" finished-at="2022-09-09T10:18:24Z">
          <reporter-output>
          </reporter-output>
        </test-method> <!-- tc3 -->
        <test-method status="PASS" signature="tc3()[pri:0, instance:org.com.SampleInvocationCount@66a3ffec]" name="tc3" duration-ms="0" started-at="2022-09-09T10:18:24Z" finished-at="2022-09-09T10:18:24Z">
          <reporter-output>
          </reporter-output>
        </test-method> <!-- tc3 -->
        <test-method status="PASS" signature="tc3()[pri:0, instance:org.com.SampleInvocationCount@66a3ffec]" name="tc3" duration-ms="3" started-at="2022-09-09T10:18:24Z" finished-at="2022-09-09T10:18:24Z">
          <reporter-output>
          </reporter-output>
        </test-method> <!-- tc3 -->
        <test-method status="PASS" signature="tc3()[pri:0, instance:org.com.SampleInvocationCount@66a3ffec]" name="tc3" duration-ms="0" started-at="2022-09-09T10:18:24Z" finished-at="2022-09-09T10:18:24Z">
          <reporter-output>
          </reporter-output>
        </test-method> <!-- tc3 -->
        <test-method status="PASS" signature="tc3()[pri:0, instance:org.com.SampleInvocationCount@66a3ffec]" name="tc3" duration-ms="0" started-at="2022-09-09T10:18:24Z" finished-at="2022-09-09T10:18:24Z">
          <reporter-output>
          </reporter-output>
        </test-method> <!-- tc3 -->
        <test-method status="PASS" signature="tc3()[pri:0, instance:org.com.SampleInvocationCount@66a3ffec]" name="tc3" duration-ms="0" started-at="2022-09-09T10:18:24Z" finished-at="2022-09-09T10:18:24Z">
          <reporter-output>
          </reporter-output>
        </test-method> <!-- tc3 -->
        <test-method status="PASS" signature="tc3()[pri:0, instance:org.com.SampleInvocationCount@66a3ffec]" name="tc3" duration-ms="0" started-at="2022-09-09T10:18:24Z" finished-at="2022-09-09T10:18:24Z">
          <reporter-output>
          </reporter-output>
        </test-method> <!-- tc3 -->
        <test-method status="PASS" signature="tc3()[pri:0, instance:org.com.SampleInvocationCount@66a3ffec]" name="tc3" duration-ms="0" started-at="2022-09-09T10:18:24Z" finished-at="2022-09-09T10:18:24Z">
          <reporter-output>
          </reporter-output>
        </test-method> <!-- tc3 -->
        <test-method status="PASS" signature="tc3()[pri:0, instance:org.com.SampleInvocationCount@66a3ffec]" name="tc3" duration-ms="0" started-at="2022-09-09T10:18:24Z" finished-at="2022-09-09T10:18:24Z">
          <reporter-output>
          </reporter-output>
        </test-method> <!-- tc3 -->
        <test-method status="PASS" signature="tc3()[pri:0, instance:org.com.SampleInvocationCount@66a3ffec]" name="tc3" duration-ms="0" started-at="2022-09-09T10:18:24Z" finished-at="2022-09-09T10:18:24Z">
          <reporter-output>
          </reporter-output>
        </test-method> <!-- tc3 -->
        <test-method status="PASS" signature="tc3()[pri:0, instance:org.com.SampleInvocationCount@66a3ffec]" name="tc3" duration-ms="0" started-at="2022-09-09T10:18:24Z" finished-at="2022-09-09T10:18:24Z">
          <reporter-output>
          </reporter-output>
        </test-method> <!-- tc3 -->
        <test-method status="PASS" signature="tc3()[pri:0, instance:org.com.SampleInvocationCount@66a3ffec]" name="tc3" duration-ms="0" started-at="2022-09-09T10:18:24Z" finished-at="2022-09-09T10:18:24Z">
          <reporter-output>
          </reporter-output>
        </test-method> <!-- tc3 -->
        <test-method status="PASS" signature="tc3()[pri:0, instance:org.com.SampleInvocationCount@66a3ffec]" name="tc3" duration-ms="1" started-at="2022-09-09T10:18:24Z" finished-at="2022-09-09T10:18:24Z">
          <reporter-output>
          </reporter-output>
        </test-method> <!-- tc3 -->
        <test-method status="PASS" signature="tc3()[pri:0, instance:org.com.SampleInvocationCount@66a3ffec]" name="tc3" duration-ms="1" started-at="2022-09-09T10:18:24Z" finished-at="2022-09-09T10:18:24Z">
          <reporter-output>
          </reporter-output>
        </test-method> <!-- tc3 -->
        <test-method status="PASS" signature="tc3()[pri:0, instance:org.com.SampleInvocationCount@66a3ffec]" name="tc3" duration-ms="0" started-at="2022-09-09T10:18:24Z" finished-at="2022-09-09T10:18:24Z">
          <reporter-output>
          </reporter-output>
        </test-method> <!-- tc3 -->
        <test-method status="PASS" signature="tc3()[pri:0, instance:org.com.SampleInvocationCount@66a3ffec]" name="tc3" duration-ms="0" started-at="2022-09-09T10:18:24Z" finished-at="2022-09-09T10:18:24Z">
          <reporter-output>
          </reporter-output>
        </test-method> <!-- tc3 -->
        <test-method status="PASS" signature="tc3()[pri:0, instance:org.com.SampleInvocationCount@66a3ffec]" name="tc3" duration-ms="1" started-at="2022-09-09T10:18:24Z" finished-at="2022-09-09T10:18:24Z">
          <reporter-output>
          </reporter-output>
        </test-method> <!-- tc3 -->
        <test-method status="PASS" signature="tc3()[pri:0, instance:org.com.SampleInvocationCount@66a3ffec]" name="tc3" duration-ms="2" started-at="2022-09-09T10:18:24Z" finished-at="2022-09-09T10:18:24Z">
          <reporter-output>
          </reporter-output>
        </test-method> <!-- tc3 -->
        <test-method status="PASS" signature="tc3()[pri:0, instance:org.com.SampleInvocationCount@66a3ffec]" name="tc3" duration-ms="1" started-at="2022-09-09T10:18:24Z" finished-at="2022-09-09T10:18:24Z">
          <reporter-output>
          </reporter-output>
        </test-method> <!-- tc3 -->
        <test-method status="PASS" signature="tc3()[pri:0, instance:org.com.SampleInvocationCount@66a3ffec]" name="tc3" duration-ms="2" started-at="2022-09-09T10:18:24Z" finished-at="2022-09-09T10:18:24Z">
          <reporter-output>
          </reporter-output>
        </test-method> <!-- tc3 -->
        <test-method status="PASS" signature="tc3()[pri:0, instance:org.com.SampleInvocationCount@66a3ffec]" name="tc3" duration-ms="0" started-at="2022-09-09T10:18:24Z" finished-at="2022-09-09T10:18:24Z">
          <reporter-output>
          </reporter-output>
        </test-method> <!-- tc3 -->
        <test-method status="PASS" signature="tc3()[pri:0, instance:org.com.SampleInvocationCount@66a3ffec]" name="tc3" duration-ms="0" started-at="2022-09-09T10:18:24Z" finished-at="2022-09-09T10:18:24Z">
          <reporter-output>
          </reporter-output>
        </test-method> <!-- tc3 -->
        <test-method status="PASS" signature="tc3()[pri:0, instance:org.com.SampleInvocationCount@66a3ffec]" name="tc3" duration-ms="0" started-at="2022-09-09T10:18:24Z" finished-at="2022-09-09T10:18:24Z">
          <reporter-output>
          </reporter-output>
        </test-method> <!-- tc3 -->
        <test-method status="PASS" signature="tc3()[pri:0, instance:org.com.SampleInvocationCount@66a3ffec]" name="tc3" duration-ms="0" started-at="2022-09-09T10:18:24Z" finished-at="2022-09-09T10:18:24Z">
          <reporter-output>
          </reporter-output>
        </test-method> <!-- tc3 -->
        <test-method status="PASS" signature="tc3()[pri:0, instance:org.com.SampleInvocationCount@66a3ffec]" name="tc3" duration-ms="0" started-at="2022-09-09T10:18:24Z" finished-at="2022-09-09T10:18:24Z">
          <reporter-output>
          </reporter-output>
        </test-method> <!-- tc3 -->
        <test-method status="PASS" signature="tc3()[pri:0, instance:org.com.SampleInvocationCount@66a3ffec]" name="tc3" duration-ms="0" started-at="2022-09-09T10:18:24Z" finished-at="2022-09-09T10:18:24Z">
          <reporter-output>
          </reporter-output>
        </test-method> <!-- tc3 -->
        <test-method status="PASS" signature="tc3()[pri:0, instance:org.com.SampleInvocationCount@66a3ffec]" name="tc3" duration-ms="0" started-at="2022-09-09T10:18:24Z" finished-at="2022-09-09T10:18:24Z">
          <reporter-output>
          </reporter-output>
        </test-method> <!-- tc3 -->
        <test-method status="PASS" signature="tc3()[pri:0, instance:org.com.SampleInvocationCount@66a3ffec]" name="tc3" duration-ms="0" started-at="2022-09-09T10:18:24Z" finished-at="2022-09-09T10:18:24Z">
          <reporter-output>
          </reporter-output>
        </test-method> <!-- tc3 -->
        <test-method status="PASS" signature="tc3()[pri:0, instance:org.com.SampleInvocationCount@66a3ffec]" name="tc3" duration-ms="0" started-at="2022-09-09T10:18:24Z" finished-at="2022-09-09T10:18:24Z">
          <reporter-output>
          </reporter-output>
        </test-method> <!-- tc3 -->
        <test-method status="PASS" signature="tc3()[pri:0, instance:org.com.SampleInvocationCount@66a3ffec]" name="tc3" duration-ms="0" started-at="2022-09-09T10:18:24Z" finished-at="2022-09-09T10:18:24Z">
          <reporter-output>
          </reporter-output>
        </test-method> <!-- tc3 -->
        <test-method status="PASS" signature="tc3()[pri:0, instance:org.com.SampleInvocationCount@66a3ffec]" name="tc3" duration-ms="0" started-at="2022-09-09T10:18:24Z" finished-at="2022-09-09T10:18:24Z">
          <reporter-output>
          </reporter-output>
        </test-method> <!-- tc3 -->
        <test-method status="PASS" signature="tc2()[pri:0, instance:org.com.SampleInvocationCount@66a3ffec]" name="tc2" duration-ms="0" started-at="2022-09-09T10:18:24Z" finished-at="2022-09-09T10:18:24Z">
          <reporter-output>
          </reporter-output>
        </test-method> <!-- tc2 -->
        <test-method status="PASS" signature="tc5()[pri:0, instance:org.com.SampleInvocationCount@66a3ffec]" name="tc5" duration-ms="0" started-at="2022-09-09T10:18:24Z" finished-at="2022-09-09T10:18:24Z">
          <reporter-output>
          </reporter-output>
        </test-method> <!-- tc5 -->
        <test-method status="PASS" signature="tc3()[pri:0, instance:org.com.SampleInvocationCount@66a3ffec]" name="tc3" duration-ms="0" started-at="2022-09-09T10:18:24Z" finished-at="2022-09-09T10:18:24Z">
          <reporter-output>
          </reporter-output>
        </test-method> <!-- tc3 -->
        <test-method status="PASS" signature="tc1()[pri:0, instance:org.com.SampleInvocationCount@66a3ffec]" name="tc1" duration-ms="0" started-at="2022-09-09T10:18:24Z" finished-at="2022-09-09T10:18:24Z">
          <reporter-output>
          </reporter-output>
        </test-method> <!-- tc1 -->
      </class> <!-- org.com.SampleInvocationCount -->
    </test> <!-- Default test -->
  </suite> <!-- Default suite -->
</testng-results>
