<?xml version="1.0" encoding="UTF-8"?>
<testng-results skipped="0" failed="0" ignored="0" total="3" passed="3">
  <reporter-output>
  </reporter-output>
  <suite name="Default suite" duration-ms="64" started-at="2022-08-28T06:38:58Z" finished-at="2022-08-28T06:38:58Z">
    <groups>
    </groups>
    <test name="Default test" duration-ms="64" started-at="2022-08-28T06:38:58Z" finished-at="2022-08-28T06:38:58Z">
      <class name="TestNGDailyPractice.Demo">
        <test-method status="PASS" signature="tc1()[pri:0, instance:TestNGDailyPractice.Demo@73ad2d6]" name="tc1" duration-ms="11" started-at="2022-08-28T06:38:58Z" finished-at="2022-08-28T06:38:58Z">
          <reporter-output>
          </reporter-output>
        </test-method> <!-- tc1 -->
        <test-method status="PASS" signature="tc2()[pri:0, instance:TestNGDailyPractice.Demo@73ad2d6]" name="tc2" duration-ms="3" started-at="2022-08-28T06:38:58Z" finished-at="2022-08-28T06:38:58Z">
          <reporter-output>
          </reporter-output>
        </test-method> <!-- tc2 -->
        <test-method status="PASS" signature="tc3()[pri:0, instance:TestNGDailyPractice.Demo@73ad2d6]" name="tc3" duration-ms="1" started-at="2022-08-28T06:38:58Z" finished-at="2022-08-28T06:38:58Z">
          <reporter-output>
          </reporter-output>
        </test-method> <!-- tc3 -->
      </class> <!-- TestNGDailyPractice.Demo -->
    </test> <!-- Default test -->
  </suite> <!-- Default suite -->
</testng-results>
